Build started 22-Sep-16 1:53:40 PM.
     1>Project "C:\Users\USER PC\documents\visual studio 2013\Projects\hand movement\hand movement\hand movement.vcxproj" on node 2 (Build target(s)).
     1>ClCompile:
         C:\Program Files (x86)\Microsoft Visual Studio 12.0\VC\bin\CL.exe /c /ZI /nologo /W3 /WX- /sdl /Od /Oy- /D WIN32 /D _DEBUG /D _CONSOLE /D _LIB /D _UNICODE /D UNICODE /Gm /EHsc /RTC1 /MDd /GS /fp:precise /Zc:wchar_t /Zc:forScope /Fo"Debug\\" /Fd"Debug\vc120.pdb" /Gd /TP /analyze- /errorReport:prompt "hand movement.cpp" stdafx.cpp
         stdafx.cpp
         hand movement.cpp
     1>c:\users\user pc\documents\visual studio 2013\projects\hand movement\hand movement\hand movement.cpp(41): warning C4584: 'gestures' : base-class 'digits' is already a base-class of 'movement'
                 c:\users\user pc\documents\visual studio 2013\projects\hand movement\hand movement\hand movement.cpp(8) : see declaration of 'digits'
                 c:\users\user pc\documents\visual studio 2013\projects\hand movement\hand movement\hand movement.cpp(15) : see declaration of 'movement'
     1>c:\users\user pc\documents\visual studio 2013\projects\hand movement\hand movement\hand movement.cpp(43): error C2143: syntax error : missing ';' before '>>'
     1>c:\users\user pc\documents\visual studio 2013\projects\hand movement\hand movement\hand movement.cpp(43): error C4430: missing type specifier - int assumed. Note: C++ does not support default-int
     1>c:\users\user pc\documents\visual studio 2013\projects\hand movement\hand movement\hand movement.cpp(43): error C2238: unexpected token(s) preceding ';'
     1>c:\users\user pc\documents\visual studio 2013\projects\hand movement\hand movement\hand movement.cpp(44): error C2059: syntax error : 'if'
     1>c:\users\user pc\documents\visual studio 2013\projects\hand movement\hand movement\hand movement.cpp(45): error C2334: unexpected token(s) preceding '{'; skipping apparent function body
         Generating Code...
     1>Done Building Project "C:\Users\USER PC\documents\visual studio 2013\Projects\hand movement\hand movement\hand movement.vcxproj" (Build target(s)) -- FAILED.

Build FAILED.

Time Elapsed 00:00:05.38
